


ARM Macro Assembler    Page 1 


    1 00000000                 PRESERVE8
    2 00000000                 THUMB
    3 00000000         
    4 00000000                 include          Driver\DriverJeuLaser.inc
    1 00000000         
    2 00000000         ; Bibliotheque DriverJeuLaser (ancienne gassp72 adaptée 
                       2021 - TR)
    3 00000000         ; Accès en aux fonctions suivantes :
    4 00000000         ; GPIO :
    5 00000000         ; GPIOA_Set(char Broche), GPIOB_Set(char Broche), GPIOC_
                       Set(char Broche)
    6 00000000         ; GPIOA_Clear(char Broche), GPIOB_Clear(char Broche), GP
                       IOC_Clear(char Broche)
    7 00000000         
    8 00000000         ; PWM :
    9 00000000         ;/**
   10 00000000         ; * @brief  Fixe une valeur de PWM, Val, en tick horloge
                       . La rapport cyclique effectif
   11 00000000         ; * est donc : rcy = Thaut_ticks / Periode_ticks
   12 00000000         ; * @note   spécifique Jeu Laser, PWM liée exclusivement
                        au TIM3, chan3
   13 00000000         ; * @param  Thaut_ticks : durée de l'état haut d'une imp
                       ulsion en Ticks
   14 00000000         ;  * @retval None
   15 00000000         ; */
   16 00000000         
   17 00000000         ;void PWM_Set_Value_TIM3_Ch3( unsigned short int Thaut_t
                       icks);
   18 00000000                 import           PWM_Set_Value_TIM3_Ch3
   19 00000000         
   20 00000000         
   21 00000000         
   22 00000000         ;/**
   23 00000000         ; * @brief  Mise à 1 d'une broche GPIO 
   24 00000000         ;  * @note   Une fonction par GPIO
   25 00000000         ; * @param  Broche : 0 à 15
   26 00000000         ; * @retval None
   27 00000000         ; */
   28 00000000         
   29 00000000         ;void GPIOA_Set(char Broche);
   30 00000000                 import           GPIOA_Set
   31 00000000         
   32 00000000         ;void GPIOB_Set(char Broche);
   33 00000000                 import           GPIOB_Set
   34 00000000         
   35 00000000         ;void GPIOC_Set(char Broche);
   36 00000000                 import           GPIOC_Set
   37 00000000         
   38 00000000         
   39 00000000         
   40 00000000         ;/**
   41 00000000         ; * @brief  Mise à 0 d'une broche GPIO 
   42 00000000         ;  * @note   Une fonction par GPIO
   43 00000000         ; * @param  Broche : 0 à 15
   44 00000000         ; * @retval None
   45 00000000         ;  */
   46 00000000         
   47 00000000         ;void GPIOA_Clear(char Broche);
   48 00000000                 import           GPIOA_Clear



ARM Macro Assembler    Page 2 


   49 00000000         
   50 00000000         ;void GPIOB_Clear(char Broche);
   51 00000000                 import           GPIOB_Clear
   52 00000000         
   53 00000000         ;void GPIOC_Clear(char Broche);
   54 00000000                 import           GPIOC_Clear
   55 00000000         
   56 00000000                 end
    5 00000000                 EXPORT           timer_callback
    6 00000000         
    7 00000000                 EXTERN           GPIOB_Clear
    8 00000000                 EXTERN           GPIOB_Set
    9 00000000         
   10 00000000         
   11 00000000         ; ====================== zone de réservation de données,
                         ======================================
   12 00000000         ;Section RAM (read only) :
   13 00000000                 area             mesdata,data,readonly
   14 00000000         
   15 00000000         
   16 00000000         ;Section RAM (read write):
   17 00000000                 area             maram,data,readwrite
   18 00000000         
   19 00000000 00000000 
                       FlagCligno
                               dcd              0
   20 00000004                 EXPORT           FlagCligno
   21 00000004         
   22 00000004         ; ======================================================
                       =========================================
   23 00000004         
   24 00000004         
   25 00000004         
   26 00000004         
   27 00000004         ;Section ROM code (read only) :  
   28 00000004                 area             moncode,code,readonly
   29 00000000         ; écrire le code ici  
   30 00000000         
   31 00000000         
   32 00000000         
   33 00000000         timer_callback
                               PROC
   34 00000000 B500            push             {lr}
   35 00000002 F04F 0001       mov              r0,#1
   36 00000006 490A            ldr              r1,=FlagCligno
   37 00000008 680B            LDR              r3,[r1]
   38 0000000A 2B01            CMP              r3,#1
   39 0000000C D107            bne              setTo1
   40 0000000E F04F 0300       MOV              r3,#0
   41 00000012 600B            STR              r3,[r1]
   42 00000014 F7FF FFFE       bl               GPIOB_Clear
   43 00000018 F85D EB04       pop              {lr}
   44 0000001C 4770            bx               lr
   45 0000001E         setTo1
   46 0000001E F04F 0301       MOV              r3,#1
   47 00000022 600B            STR              r3,[r1]
   48 00000024 F7FF FFFE       bl               GPIOB_Set
   49 00000028 F85D EB04       pop              {lr}
   50 0000002C 4770            bx               lr



ARM Macro Assembler    Page 3 


   51 0000002E                 endp                         ;
   52 0000002E         
   53 0000002E         END
   54 0000002E         
   55 0000002E         
   56 0000002E         
   57 0000002E         
   58 0000002E                 END
              00 00 00000000 
Command Line: --debug --xref --diag_suppress=9931 --cpu=Cortex-M3 --apcs=interw
ork --depend=.\obj\cligno.d -o.\obj\cligno.o -I.\RTE\_Simu -IC:\Programdata\Kei
l\Arm\Packs\ARM\CMSIS\5.7.0\CMSIS\Core\Include -IC:\Programdata\Keil\Arm\Packs\
Keil\STM32F1xx_DFP\2.3.0\Device\Include --predefine="__EVAL SETA 1" --predefine
="__MICROLIB SETA 1" --predefine="__UVISION_VERSION SETA 530" --predefine="_RTE
_ SETA 1" --predefine="STM32F10X_MD SETA 1" --predefine="_RTE_ SETA 1" --list=c
ligno.lst Src\Cligno.s



ARM Macro Assembler    Page 1 Alphabetic symbol ordering
Relocatable symbols

mesdata 00000000

Symbol: mesdata
   Definitions
      At line 13 in file Src\Cligno.s
   Uses
      None
Comment: mesdata unused
1 symbol



ARM Macro Assembler    Page 1 Alphabetic symbol ordering
Relocatable symbols

FlagCligno 00000000

Symbol: FlagCligno
   Definitions
      At line 19 in file Src\Cligno.s
   Uses
      At line 20 in file Src\Cligno.s
      At line 36 in file Src\Cligno.s

maram 00000000

Symbol: maram
   Definitions
      At line 17 in file Src\Cligno.s
   Uses
      None
Comment: maram unused
2 symbols



ARM Macro Assembler    Page 1 Alphabetic symbol ordering
Relocatable symbols

END 0000002E

Symbol: END
   Definitions
      At line 53 in file Src\Cligno.s
   Uses
      None
Comment: END unused
moncode 00000000

Symbol: moncode
   Definitions
      At line 28 in file Src\Cligno.s
   Uses
      None
Comment: moncode unused
setTo1 0000001E

Symbol: setTo1
   Definitions
      At line 45 in file Src\Cligno.s
   Uses
      At line 39 in file Src\Cligno.s
Comment: setTo1 used once
timer_callback 00000000

Symbol: timer_callback
   Definitions
      At line 33 in file Src\Cligno.s
   Uses
      At line 5 in file Src\Cligno.s
Comment: timer_callback used once
4 symbols



ARM Macro Assembler    Page 1 Alphabetic symbol ordering
External symbols

GPIOA_Clear 00000000

Symbol: GPIOA_Clear
   Definitions
      At line 48 in file Driver\DriverJeuLaser.inc
   Uses
      None
Comment: GPIOA_Clear unused
GPIOA_Set 00000000

Symbol: GPIOA_Set
   Definitions
      At line 30 in file Driver\DriverJeuLaser.inc
   Uses
      None
Comment: GPIOA_Set unused
GPIOB_Clear 00000000

Symbol: GPIOB_Clear
   Definitions
      At line 51 in file Driver\DriverJeuLaser.inc
      At line 7 in file Src\Cligno.s
   Uses
      At line 42 in file Src\Cligno.s
Warning: GPIOB_Clear multiply definedComment: GPIOB_Clear used once
GPIOB_Set 00000000

Symbol: GPIOB_Set
   Definitions
      At line 33 in file Driver\DriverJeuLaser.inc
      At line 8 in file Src\Cligno.s
   Uses
      At line 48 in file Src\Cligno.s
Warning: GPIOB_Set multiply definedComment: GPIOB_Set used once
GPIOC_Clear 00000000

Symbol: GPIOC_Clear
   Definitions
      At line 54 in file Driver\DriverJeuLaser.inc
   Uses
      None
Comment: GPIOC_Clear unused
GPIOC_Set 00000000

Symbol: GPIOC_Set
   Definitions
      At line 36 in file Driver\DriverJeuLaser.inc
   Uses
      None
Comment: GPIOC_Set unused
PWM_Set_Value_TIM3_Ch3 00000000

Symbol: PWM_Set_Value_TIM3_Ch3
   Definitions
      At line 18 in file Driver\DriverJeuLaser.inc
   Uses
      None
Comment: PWM_Set_Value_TIM3_Ch3 unused
7 symbols



ARM Macro Assembler    Page 2 Alphabetic symbol ordering
External symbols

351 symbols in table
